
10월 15, 2024 10:24:51.945 NEW SESSION
10월 15, 2024 10:24:51.945 Created TensorFlow Lite XNNPACK delegate for CPU.
10월 15, 2024 10:24:52.12 [15824:16184:1015/102452.012:ERROR:registration_request.cc(291)] Registration response error message: DEPRECATED_ENDPOINT
10월 15, 2024 10:30:34.976 Created TensorFlow Lite XNNPACK delegate for CPU.
10월 15, 2024 10:30:35.106 [10584:11268:1015/103035.106:ERROR:registration_request.cc(291)] Registration response error message: DEPRECATED_ENDPOINT
10월 15, 2024 10:32:42.604 Created TensorFlow Lite XNNPACK delegate for CPU.
10월 15, 2024 10:32:42.686 [11156:11048:1015/103242.686:ERROR:registration_request.cc(291)] Registration response error message: DEPRECATED_ENDPOINT
10월 15, 2024 10:33:05.489 [11156:11048:1015/103305.489:ERROR:registration_request.cc(291)] Registration response error message: DEPRECATED_ENDPOINT
10월 15, 2024 10:33:50.979 [11156:11048:1015/103350.978:ERROR:registration_request.cc(291)] Registration response error message: DEPRECATED_ENDPOINT
10월 15, 2024 10:35:43.356 [11156:11048:1015/103543.356:ERROR:registration_request.cc(291)] Registration response error message: DEPRECATED_ENDPOINT
10월 15, 2024 10:38:39.342 [11156:11048:1015/103839.341:ERROR:registration_request.cc(291)] Registration response error message: DEPRECATED_ENDPOINT
10월 15, 2024 10:46:05.511 [11156:11048:1015/104605.511:ERROR:registration_request.cc(291)] Registration response error message: DEPRECATED_ENDPOINT

10월 15, 2024 14:44:47.865 NEW SESSION
10월 15, 2024 14:44:47.865 Created TensorFlow Lite XNNPACK delegate for CPU.
10월 15, 2024 14:44:48.156 [14448:18140:1015/144448.155:ERROR:registration_request.cc(291)] Registration response error message: DEPRECATED_ENDPOINT
10월 15, 2024 14:45:08.916 [14448:18140:1015/144508.916:ERROR:registration_request.cc(291)] Registration response error message: DEPRECATED_ENDPOINT
10월 15, 2024 14:46:08.841 [14448:18140:1015/144608.840:ERROR:registration_request.cc(291)] Registration response error message: DEPRECATED_ENDPOINT
10월 15, 2024 14:47:59.193 [14448:18140:1015/144759.192:ERROR:registration_request.cc(291)] Registration response error message: DEPRECATED_ENDPOINT
10월 15, 2024 14:50:50.112 [14448:18140:1015/145050.111:ERROR:registration_request.cc(291)] Registration response error message: DEPRECATED_ENDPOINT
10월 15, 2024 14:58:43.543 [14448:18140:1015/145843.542:ERROR:registration_request.cc(291)] Registration response error message: DEPRECATED_ENDPOINT
10월 15, 2024 15:31:10.633 [14448:6328:1015/153110.633:ERROR:CONSOLE(1)] "Unknown VE context: language-mismatch", source: devtools://devtools/bundled/devtools-frontend/front_end/ui/visual_logging/visual_logging.js (1)
10월 15, 2024 15:31:11.167 [14448:6328:1015/153111.167:ERROR:CONSOLE(1)] "Unknown VE context: language-mismatch", source: devtools://devtools/bundled/devtools-frontend/front_end/ui/visual_logging/visual_logging.js (1)
10월 15, 2024 15:31:12.30 [14448:6328:1015/153112.030:ERROR:CONSOLE(1)] "Unknown VE context: language-mismatch", source: devtools://devtools/bundled/devtools-frontend/front_end/ui/visual_logging/visual_logging.js (1)
10월 15, 2024 15:31:12.547 [14448:6328:1015/153112.547:ERROR:CONSOLE(1)] "Unknown VE context: language-mismatch", source: devtools://devtools/bundled/devtools-frontend/front_end/ui/visual_logging/visual_logging.js (1)
10월 15, 2024 15:31:13.147 [14448:6328:1015/153113.147:ERROR:CONSOLE(1)] "Unknown VE context: language-mismatch", source: devtools://devtools/bundled/devtools-frontend/front_end/ui/visual_logging/visual_logging.js (1)
10월 15, 2024 15:31:14.47 [14448:6328:1015/153114.046:ERROR:CONSOLE(1)] "Unknown VE context: language-mismatch", source: devtools://devtools/bundled/devtools-frontend/front_end/ui/visual_logging/visual_logging.js (1)
10월 15, 2024 15:31:14.564 [14448:6328:1015/153114.564:ERROR:CONSOLE(1)] "Unknown VE context: language-mismatch", source: devtools://devtools/bundled/devtools-frontend/front_end/ui/visual_logging/visual_logging.js (1)
10월 15, 2024 15:31:20.214 [14448:6328:1015/153120.213:ERROR:CONSOLE(1)] "Unknown VE context: language-mismatch", source: devtools://devtools/bundled/devtools-frontend/front_end/ui/visual_logging/visual_logging.js (1)
10월 15, 2024 15:31:22.129 [14448:6328:1015/153122.128:ERROR:CONSOLE(1)] "Unknown VE context: language-mismatch", source: devtools://devtools/bundled/devtools-frontend/front_end/ui/visual_logging/visual_logging.js (1)
10월 15, 2024 15:31:23.213 [14448:6328:1015/153123.213:ERROR:CONSOLE(1)] "Unknown VE context: language-mismatch", source: devtools://devtools/bundled/devtools-frontend/front_end/ui/visual_logging/visual_logging.js (1)
10월 15, 2024 15:31:24.208 [14448:6328:1015/153124.207:ERROR:CONSOLE(1)] "Unknown VE context: language-mismatch", source: devtools://devtools/bundled/devtools-frontend/front_end/ui/visual_logging/visual_logging.js (1)
10월 15, 2024 15:31:25.663 [14448:6328:1015/153125.663:ERROR:CONSOLE(1)] "Unknown VE context: language-mismatch", source: devtools://devtools/bundled/devtools-frontend/front_end/ui/visual_logging/visual_logging.js (1)
10월 15, 2024 15:31:26.226 [14448:6328:1015/153126.226:ERROR:CONSOLE(1)] "Unknown VE context: language-mismatch", source: devtools://devtools/bundled/devtools-frontend/front_end/ui/visual_logging/visual_logging.js (1)
10월 15, 2024 15:31:29.538 [14448:6328:1015/153129.538:ERROR:CONSOLE(1)] "Unknown VE context: language-mismatch", source: devtools://devtools/bundled/devtools-frontend/front_end/ui/visual_logging/visual_logging.js (1)
10월 15, 2024 15:31:59.680 [14448:6328:1015/153159.680:ERROR:CONSOLE(1)] "Unknown VE context: language-mismatch", source: devtools://devtools/bundled/devtools-frontend/front_end/ui/visual_logging/visual_logging.js (1)
10월 15, 2024 15:32:00.197 [14448:6328:1015/153200.196:ERROR:CONSOLE(1)] "Unknown VE context: language-mismatch", source: devtools://devtools/bundled/devtools-frontend/front_end/ui/visual_logging/visual_logging.js (1)
10월 15, 2024 15:32:01.396 [14448:6328:1015/153201.396:ERROR:CONSOLE(1)] "Unknown VE context: language-mismatch", source: devtools://devtools/bundled/devtools-frontend/front_end/ui/visual_logging/visual_logging.js (1)
10월 15, 2024 15:32:01.913 [14448:6328:1015/153201.912:ERROR:CONSOLE(1)] "Unknown VE context: language-mismatch", source: devtools://devtools/bundled/devtools-frontend/front_end/ui/visual_logging/visual_logging.js (1)
10월 15, 2024 15:32:02.442 [14448:6328:1015/153202.442:ERROR:CONSOLE(1)] "Unknown VE context: language-mismatch", source: devtools://devtools/bundled/devtools-frontend/front_end/ui/visual_logging/visual_logging.js (1)
10월 15, 2024 15:32:02.962 [14448:6328:1015/153202.961:ERROR:CONSOLE(1)] "Unknown VE context: language-mismatch", source: devtools://devtools/bundled/devtools-frontend/front_end/ui/visual_logging/visual_logging.js (1)
10월 15, 2024 15:32:03.530 [14448:6328:1015/153203.529:ERROR:CONSOLE(1)] "Unknown VE context: language-mismatch", source: devtools://devtools/bundled/devtools-frontend/front_end/ui/visual_logging/visual_logging.js (1)
10월 15, 2024 15:32:04.646 [14448:6328:1015/153204.646:ERROR:CONSOLE(1)] "Unknown VE context: language-mismatch", source: devtools://devtools/bundled/devtools-frontend/front_end/ui/visual_logging/visual_logging.js (1)
10월 15, 2024 15:32:05.233 [14448:6328:1015/153205.233:ERROR:CONSOLE(1)] "Unknown VE context: language-mismatch", source: devtools://devtools/bundled/devtools-frontend/front_end/ui/visual_logging/visual_logging.js (1)
10월 15, 2024 15:32:07.179 [14448:6328:1015/153207.179:ERROR:CONSOLE(1)] "Unknown VE context: language-mismatch", source: devtools://devtools/bundled/devtools-frontend/front_end/ui/visual_logging/visual_logging.js (1)
10월 15, 2024 15:32:11.481 [14448:6328:1015/153211.481:ERROR:CONSOLE(1)] "Unknown VE context: language-mismatch", source: devtools://devtools/bundled/devtools-frontend/front_end/ui/visual_logging/visual_logging.js (1)
10월 15, 2024 15:32:11.856 [14448:6328:1015/153211.856:ERROR:CONSOLE(1)] "Unknown VE context: tab-6", source: devtools://devtools/bundled/devtools-frontend/front_end/ui/visual_logging/visual_logging.js (1)
10월 15, 2024 15:32:11.865 [14448:6328:1015/153211.864:ERROR:CONSOLE(1)] "Unknown VE context: tab-7", source: devtools://devtools/bundled/devtools-frontend/front_end/ui/visual_logging/visual_logging.js (1)
10월 15, 2024 15:32:12.15 [14448:6328:1015/153212.015:ERROR:CONSOLE(1)] "Unknown VE context: tab-8", source: devtools://devtools/bundled/devtools-frontend/front_end/ui/visual_logging/visual_logging.js (1)
10월 15, 2024 15:32:12.21 [14448:6328:1015/153212.021:ERROR:CONSOLE(1)] "Unknown VE context: tab-9", source: devtools://devtools/bundled/devtools-frontend/front_end/ui/visual_logging/visual_logging.js (1)
10월 15, 2024 15:32:12.57 [14448:6328:1015/153212.057:ERROR:CONSOLE(1)] "Unknown VE context: language-mismatch", source: devtools://devtools/bundled/devtools-frontend/front_end/ui/visual_logging/visual_logging.js (1)
10월 15, 2024 15:32:12.58 [14448:6328:1015/153212.058:ERROR:CONSOLE(1)] "Unknown VE context: tab-8", source: devtools://devtools/bundled/devtools-frontend/front_end/ui/visual_logging/visual_logging.js (1)
10월 15, 2024 15:32:12.58 [14448:6328:1015/153212.058:ERROR:CONSOLE(1)] "Unknown VE context: tab-9", source: devtools://devtools/bundled/devtools-frontend/front_end/ui/visual_logging/visual_logging.js (1)
10월 15, 2024 15:32:12.158 [14448:6328:1015/153212.158:ERROR:CONSOLE(1)] "Unknown VE context: tab-10", source: devtools://devtools/bundled/devtools-frontend/front_end/ui/visual_logging/visual_logging.js (1)
10월 15, 2024 15:32:12.164 [14448:6328:1015/153212.164:ERROR:CONSOLE(1)] "Unknown VE context: tab-11", source: devtools://devtools/bundled/devtools-frontend/front_end/ui/visual_logging/visual_logging.js (1)
10월 15, 2024 15:32:12.314 [14448:6328:1015/153212.314:ERROR:CONSOLE(1)] "Unknown VE context: tab-12", source: devtools://devtools/bundled/devtools-frontend/front_end/ui/visual_logging/visual_logging.js (1)
10월 15, 2024 15:32:12.320 [14448:6328:1015/153212.320:ERROR:CONSOLE(1)] "Unknown VE context: tab-13", source: devtools://devtools/bundled/devtools-frontend/front_end/ui/visual_logging/visual_logging.js (1)
10월 15, 2024 15:32:12.457 [14448:6328:1015/153212.457:ERROR:CONSOLE(1)] "Unknown VE context: tab-14", source: devtools://devtools/bundled/devtools-frontend/front_end/ui/visual_logging/visual_logging.js (1)
10월 15, 2024 15:32:12.461 [14448:6328:1015/153212.461:ERROR:CONSOLE(1)] "Unknown VE context: tab-15", source: devtools://devtools/bundled/devtools-frontend/front_end/ui/visual_logging/visual_logging.js (1)
10월 15, 2024 15:32:12.693 [14448:6328:1015/153212.693:ERROR:CONSOLE(1)] "Unknown VE context: language-mismatch", source: devtools://devtools/bundled/devtools-frontend/front_end/ui/visual_logging/visual_logging.js (1)
10월 15, 2024 15:32:12.696 [14448:6328:1015/153212.695:ERROR:CONSOLE(1)] "Unknown VE context: tab-14", source: devtools://devtools/bundled/devtools-frontend/front_end/ui/visual_logging/visual_logging.js (1)
10월 15, 2024 15:32:12.696 [14448:6328:1015/153212.695:ERROR:CONSOLE(1)] "Unknown VE context: tab-15", source: devtools://devtools/bundled/devtools-frontend/front_end/ui/visual_logging/visual_logging.js (1)
10월 15, 2024 15:32:13.207 [14448:6328:1015/153213.206:ERROR:CONSOLE(1)] "Unknown VE context: language-mismatch", source: devtools://devtools/bundled/devtools-frontend/front_end/ui/visual_logging/visual_logging.js (1)
10월 15, 2024 15:32:13.207 [14448:6328:1015/153213.207:ERROR:CONSOLE(1)] "Unknown VE context: tab-14", source: devtools://devtools/bundled/devtools-frontend/front_end/ui/visual_logging/visual_logging.js (1)
10월 15, 2024 15:32:13.207 [14448:6328:1015/153213.207:ERROR:CONSOLE(1)] "Unknown VE context: tab-15", source: devtools://devtools/bundled/devtools-frontend/front_end/ui/visual_logging/visual_logging.js (1)
10월 15, 2024 15:32:13.748 [14448:6328:1015/153213.747:ERROR:CONSOLE(1)] "Unknown VE context: language-mismatch", source: devtools://devtools/bundled/devtools-frontend/front_end/ui/visual_logging/visual_logging.js (1)
10월 15, 2024 15:32:13.749 [14448:6328:1015/153213.748:ERROR:CONSOLE(1)] "Unknown VE context: tab-14", source: devtools://devtools/bundled/devtools-frontend/front_end/ui/visual_logging/visual_logging.js (1)
10월 15, 2024 15:32:13.749 [14448:6328:1015/153213.749:ERROR:CONSOLE(1)] "Unknown VE context: tab-15", source: devtools://devtools/bundled/devtools-frontend/front_end/ui/visual_logging/visual_logging.js (1)
10월 15, 2024 15:32:14.700 [14448:6328:1015/153214.699:ERROR:CONSOLE(1)] "Unknown VE context: language-mismatch", source: devtools://devtools/bundled/devtools-frontend/front_end/ui/visual_logging/visual_logging.js (1)
10월 15, 2024 15:32:14.701 [14448:6328:1015/153214.700:ERROR:CONSOLE(1)] "Unknown VE context: tab-14", source: devtools://devtools/bundled/devtools-frontend/front_end/ui/visual_logging/visual_logging.js (1)
10월 15, 2024 15:32:14.701 [14448:6328:1015/153214.700:ERROR:CONSOLE(1)] "Unknown VE context: tab-15", source: devtools://devtools/bundled/devtools-frontend/front_end/ui/visual_logging/visual_logging.js (1)
10월 15, 2024 15:32:15.715 [14448:6328:1015/153215.714:ERROR:CONSOLE(1)] "Unknown VE context: language-mismatch", source: devtools://devtools/bundled/devtools-frontend/front_end/ui/visual_logging/visual_logging.js (1)
10월 15, 2024 15:32:15.715 [14448:6328:1015/153215.715:ERROR:CONSOLE(1)] "Unknown VE context: tab-14", source: devtools://devtools/bundled/devtools-frontend/front_end/ui/visual_logging/visual_logging.js (1)
10월 15, 2024 15:32:15.716 [14448:6328:1015/153215.715:ERROR:CONSOLE(1)] "Unknown VE context: tab-15", source: devtools://devtools/bundled/devtools-frontend/front_end/ui/visual_logging/visual_logging.js (1)
10월 15, 2024 15:32:16.474 [14448:6328:1015/153216.473:ERROR:CONSOLE(1)] "Unknown VE context: language-mismatch", source: devtools://devtools/bundled/devtools-frontend/front_end/ui/visual_logging/visual_logging.js (1)
10월 15, 2024 15:32:16.474 [14448:6328:1015/153216.474:ERROR:CONSOLE(1)] "Unknown VE context: tab-14", source: devtools://devtools/bundled/devtools-frontend/front_end/ui/visual_logging/visual_logging.js (1)
10월 15, 2024 15:32:16.475 [14448:6328:1015/153216.474:ERROR:CONSOLE(1)] "Unknown VE context: tab-15", source: devtools://devtools/bundled/devtools-frontend/front_end/ui/visual_logging/visual_logging.js (1)
10월 15, 2024 15:32:40.747 [14448:6328:1015/153240.746:ERROR:CONSOLE(1)] "Unknown VE context: language-mismatch", source: devtools://devtools/bundled/devtools-frontend/front_end/ui/visual_logging/visual_logging.js (1)
10월 15, 2024 15:32:40.748 [14448:6328:1015/153240.748:ERROR:CONSOLE(1)] "Unknown VE context: tab-14", source: devtools://devtools/bundled/devtools-frontend/front_end/ui/visual_logging/visual_logging.js (1)
10월 15, 2024 15:32:40.748 [14448:6328:1015/153240.748:ERROR:CONSOLE(1)] "Unknown VE context: tab-15", source: devtools://devtools/bundled/devtools-frontend/front_end/ui/visual_logging/visual_logging.js (1)
10월 15, 2024 15:32:40.858 [14448:6328:1015/153240.858:ERROR:CONSOLE(1)] "Unknown VE context: tab-16", source: devtools://devtools/bundled/devtools-frontend/front_end/ui/visual_logging/visual_logging.js (1)
10월 15, 2024 15:32:40.863 [14448:6328:1015/153240.863:ERROR:CONSOLE(1)] "Unknown VE context: tab-17", source: devtools://devtools/bundled/devtools-frontend/front_end/ui/visual_logging/visual_logging.js (1)
10월 15, 2024 15:32:40.952 [14448:6328:1015/153240.952:ERROR:CONSOLE(1)] "Unknown VE context: tab-18", source: devtools://devtools/bundled/devtools-frontend/front_end/ui/visual_logging/visual_logging.js (1)
10월 15, 2024 15:32:40.956 [14448:6328:1015/153240.956:ERROR:CONSOLE(1)] "Unknown VE context: tab-19", source: devtools://devtools/bundled/devtools-frontend/front_end/ui/visual_logging/visual_logging.js (1)
10월 15, 2024 15:32:41.170 [14448:6328:1015/153241.170:ERROR:CONSOLE(1)] "Unknown VE context: tab-20", source: devtools://devtools/bundled/devtools-frontend/front_end/ui/visual_logging/visual_logging.js (1)
10월 15, 2024 15:32:41.175 [14448:6328:1015/153241.175:ERROR:CONSOLE(1)] "Unknown VE context: tab-21", source: devtools://devtools/bundled/devtools-frontend/front_end/ui/visual_logging/visual_logging.js (1)
10월 15, 2024 15:32:41.264 [14448:6328:1015/153241.264:ERROR:CONSOLE(1)] "Unknown VE context: language-mismatch", source: devtools://devtools/bundled/devtools-frontend/front_end/ui/visual_logging/visual_logging.js (1)
10월 15, 2024 15:32:41.267 [14448:6328:1015/153241.267:ERROR:CONSOLE(1)] "Unknown VE context: tab-22", source: devtools://devtools/bundled/devtools-frontend/front_end/ui/visual_logging/visual_logging.js (1)
10월 15, 2024 15:32:41.272 [14448:6328:1015/153241.272:ERROR:CONSOLE(1)] "Unknown VE context: tab-23", source: devtools://devtools/bundled/devtools-frontend/front_end/ui/visual_logging/visual_logging.js (1)
10월 15, 2024 15:32:41.415 [14448:6328:1015/153241.415:ERROR:CONSOLE(1)] "Unknown VE context: tab-24", source: devtools://devtools/bundled/devtools-frontend/front_end/ui/visual_logging/visual_logging.js (1)
10월 15, 2024 15:32:41.422 [14448:6328:1015/153241.422:ERROR:CONSOLE(1)] "Unknown VE context: tab-25", source: devtools://devtools/bundled/devtools-frontend/front_end/ui/visual_logging/visual_logging.js (1)
10월 15, 2024 15:32:41.566 [14448:6328:1015/153241.565:ERROR:CONSOLE(1)] "Unknown VE context: tab-26", source: devtools://devtools/bundled/devtools-frontend/front_end/ui/visual_logging/visual_logging.js (1)
10월 15, 2024 15:32:41.573 [14448:6328:1015/153241.573:ERROR:CONSOLE(1)] "Unknown VE context: tab-27", source: devtools://devtools/bundled/devtools-frontend/front_end/ui/visual_logging/visual_logging.js (1)
10월 15, 2024 15:32:41.783 [14448:6328:1015/153241.783:ERROR:CONSOLE(1)] "Unknown VE context: language-mismatch", source: devtools://devtools/bundled/devtools-frontend/front_end/ui/visual_logging/visual_logging.js (1)
10월 15, 2024 15:32:41.784 [14448:6328:1015/153241.784:ERROR:CONSOLE(1)] "Unknown VE context: tab-26", source: devtools://devtools/bundled/devtools-frontend/front_end/ui/visual_logging/visual_logging.js (1)
10월 15, 2024 15:32:41.784 [14448:6328:1015/153241.784:ERROR:CONSOLE(1)] "Unknown VE context: tab-27", source: devtools://devtools/bundled/devtools-frontend/front_end/ui/visual_logging/visual_logging.js (1)
10월 15, 2024 15:32:42.397 [14448:6328:1015/153242.397:ERROR:CONSOLE(1)] "Unknown VE context: tab-26", source: devtools://devtools/bundled/devtools-frontend/front_end/ui/visual_logging/visual_logging.js (1)
10월 15, 2024 15:32:42.397 [14448:6328:1015/153242.397:ERROR:CONSOLE(1)] "Unknown VE context: tab-27", source: devtools://devtools/bundled/devtools-frontend/front_end/ui/visual_logging/visual_logging.js (1)
10월 15, 2024 15:32:42.916 [14448:6328:1015/153242.915:ERROR:CONSOLE(1)] "Unknown VE context: tab-26", source: devtools://devtools/bundled/devtools-frontend/front_end/ui/visual_logging/visual_logging.js (1)
10월 15, 2024 15:32:42.916 [14448:6328:1015/153242.915:ERROR:CONSOLE(1)] "Unknown VE context: tab-27", source: devtools://devtools/bundled/devtools-frontend/front_end/ui/visual_logging/visual_logging.js (1)
10월 15, 2024 15:33:38.453 [14448:6328:1015/153338.452:ERROR:CONSOLE(1)] "Unknown VE context: language-mismatch", source: devtools://devtools/bundled/devtools-frontend/front_end/ui/visual_logging/visual_logging.js (1)
10월 15, 2024 15:33:38.969 [14448:6328:1015/153338.968:ERROR:CONSOLE(1)] "Unknown VE context: language-mismatch", source: devtools://devtools/bundled/devtools-frontend/front_end/ui/visual_logging/visual_logging.js (1)
10월 15, 2024 15:33:39.883 [14448:6328:1015/153339.883:ERROR:CONSOLE(1)] "Unknown VE context: language-mismatch", source: devtools://devtools/bundled/devtools-frontend/front_end/ui/visual_logging/visual_logging.js (1)
10월 15, 2024 15:33:40.463 [14448:6328:1015/153340.463:ERROR:CONSOLE(1)] "Unknown VE context: language-mismatch", source: devtools://devtools/bundled/devtools-frontend/front_end/ui/visual_logging/visual_logging.js (1)
10월 15, 2024 15:33:41.380 [14448:6328:1015/153341.380:ERROR:CONSOLE(1)] "Unknown VE context: language-mismatch", source: devtools://devtools/bundled/devtools-frontend/front_end/ui/visual_logging/visual_logging.js (1)
10월 15, 2024 15:33:42.280 [14448:6328:1015/153342.279:ERROR:CONSOLE(1)] "Unknown VE context: language-mismatch", source: devtools://devtools/bundled/devtools-frontend/front_end/ui/visual_logging/visual_logging.js (1)
10월 15, 2024 15:33:42.929 [14448:6328:1015/153342.929:ERROR:CONSOLE(1)] "Unknown VE context: language-mismatch", source: devtools://devtools/bundled/devtools-frontend/front_end/ui/visual_logging/visual_logging.js (1)
10월 15, 2024 15:34:41.826 [14448:6328:1015/153441.826:ERROR:CONSOLE(1)] "Unknown VE context: language-mismatch", source: devtools://devtools/bundled/devtools-frontend/front_end/ui/visual_logging/visual_logging.js (1)
10월 15, 2024 15:34:42.329 [14448:6328:1015/153442.328:ERROR:CONSOLE(1)] "Unknown VE context: language-mismatch", source: devtools://devtools/bundled/devtools-frontend/front_end/ui/visual_logging/visual_logging.js (1)
10월 15, 2024 15:34:42.925 [14448:6328:1015/153442.924:ERROR:CONSOLE(1)] "Unknown VE context: language-mismatch", source: devtools://devtools/bundled/devtools-frontend/front_end/ui/visual_logging/visual_logging.js (1)
10월 15, 2024 15:34:43.431 [14448:6328:1015/153443.430:ERROR:CONSOLE(1)] "Unknown VE context: language-mismatch", source: devtools://devtools/bundled/devtools-frontend/front_end/ui/visual_logging/visual_logging.js (1)
10월 15, 2024 15:34:43.994 [14448:6328:1015/153443.993:ERROR:CONSOLE(1)] "Unknown VE context: language-mismatch", source: devtools://devtools/bundled/devtools-frontend/front_end/ui/visual_logging/visual_logging.js (1)
10월 15, 2024 15:34:45.764 [14448:6328:1015/153445.763:ERROR:CONSOLE(1)] "Unknown VE context: language-mismatch", source: devtools://devtools/bundled/devtools-frontend/front_end/ui/visual_logging/visual_logging.js (1)
10월 15, 2024 15:34:46.281 [14448:6328:1015/153446.280:ERROR:CONSOLE(1)] "Unknown VE context: language-mismatch", source: devtools://devtools/bundled/devtools-frontend/front_end/ui/visual_logging/visual_logging.js (1)
10월 15, 2024 15:35:27.314 [14448:6328:1015/153527.313:ERROR:CONSOLE(1)] "Unknown VE context: language-mismatch", source: devtools://devtools/bundled/devtools-frontend/front_end/ui/visual_logging/visual_logging.js (1)
10월 15, 2024 15:35:27.837 [14448:6328:1015/153527.836:ERROR:CONSOLE(1)] "Unknown VE context: language-mismatch", source: devtools://devtools/bundled/devtools-frontend/front_end/ui/visual_logging/visual_logging.js (1)
10월 15, 2024 15:35:29.319 [14448:6328:1015/153529.319:ERROR:CONSOLE(1)] "Unknown VE context: language-mismatch", source: devtools://devtools/bundled/devtools-frontend/front_end/ui/visual_logging/visual_logging.js (1)
10월 15, 2024 15:35:45.674 [14448:6328:1015/153545.674:ERROR:CONSOLE(1)] "Unknown VE context: language-mismatch", source: devtools://devtools/bundled/devtools-frontend/front_end/ui/visual_logging/visual_logging.js (1)
10월 15, 2024 15:35:46.184 [14448:6328:1015/153546.184:ERROR:CONSOLE(1)] "Unknown VE context: language-mismatch", source: devtools://devtools/bundled/devtools-frontend/front_end/ui/visual_logging/visual_logging.js (1)
10월 15, 2024 15:35:46.731 [14448:6328:1015/153546.730:ERROR:CONSOLE(1)] "Unknown VE context: language-mismatch", source: devtools://devtools/bundled/devtools-frontend/front_end/ui/visual_logging/visual_logging.js (1)
10월 15, 2024 15:35:47.413 [14448:6328:1015/153547.413:ERROR:CONSOLE(1)] "Unknown VE context: language-mismatch", source: devtools://devtools/bundled/devtools-frontend/front_end/ui/visual_logging/visual_logging.js (1)
10월 15, 2024 15:35:47.965 [14448:6328:1015/153547.965:ERROR:CONSOLE(1)] "Unknown VE context: language-mismatch", source: devtools://devtools/bundled/devtools-frontend/front_end/ui/visual_logging/visual_logging.js (1)
10월 15, 2024 15:35:50.846 [14448:6328:1015/153550.846:ERROR:CONSOLE(1)] "Unknown VE context: language-mismatch", source: devtools://devtools/bundled/devtools-frontend/front_end/ui/visual_logging/visual_logging.js (1)
10월 15, 2024 15:37:29.485 [14448:6328:1015/153729.484:ERROR:CONSOLE(1)] "Unknown VE context: language-mismatch", source: devtools://devtools/bundled/devtools-frontend/front_end/ui/visual_logging/visual_logging.js (1)
10월 15, 2024 15:37:30.13 [14448:6328:1015/153730.012:ERROR:CONSOLE(1)] "Unknown VE context: language-mismatch", source: devtools://devtools/bundled/devtools-frontend/front_end/ui/visual_logging/visual_logging.js (1)
10월 15, 2024 15:37:31.493 [14448:6328:1015/153731.493:ERROR:CONSOLE(1)] "Unknown VE context: language-mismatch", source: devtools://devtools/bundled/devtools-frontend/front_end/ui/visual_logging/visual_logging.js (1)
10월 15, 2024 15:37:33.513 [14448:6328:1015/153733.513:ERROR:CONSOLE(1)] "Unknown VE context: language-mismatch", source: devtools://devtools/bundled/devtools-frontend/front_end/ui/visual_logging/visual_logging.js (1)
10월 15, 2024 15:37:34.19 [14448:6328:1015/153734.018:ERROR:CONSOLE(1)] "Unknown VE context: language-mismatch", source: devtools://devtools/bundled/devtools-frontend/front_end/ui/visual_logging/visual_logging.js (1)
10월 15, 2024 15:37:34.829 [14448:6328:1015/153734.829:ERROR:CONSOLE(1)] "Unknown VE context: language-mismatch", source: devtools://devtools/bundled/devtools-frontend/front_end/ui/visual_logging/visual_logging.js (1)
10월 15, 2024 15:37:35.482 [14448:6328:1015/153735.482:ERROR:CONSOLE(1)] "Unknown VE context: language-mismatch", source: devtools://devtools/bundled/devtools-frontend/front_end/ui/visual_logging/visual_logging.js (1)
10월 15, 2024 15:37:37.329 [14448:6328:1015/153737.329:ERROR:CONSOLE(1)] "Unknown VE context: language-mismatch", source: devtools://devtools/bundled/devtools-frontend/front_end/ui/visual_logging/visual_logging.js (1)
10월 15, 2024 15:37:37.898 [14448:6328:1015/153737.897:ERROR:CONSOLE(1)] "Unknown VE context: language-mismatch", source: devtools://devtools/bundled/devtools-frontend/front_end/ui/visual_logging/visual_logging.js (1)
10월 15, 2024 15:37:40.14 [14448:6328:1015/153740.013:ERROR:CONSOLE(1)] "Unknown VE context: language-mismatch", source: devtools://devtools/bundled/devtools-frontend/front_end/ui/visual_logging/visual_logging.js (1)
10월 15, 2024 16:50:17.565 Created TensorFlow Lite XNNPACK delegate for CPU.
10월 15, 2024 16:50:17.675 [11620:16236:1015/165017.675:ERROR:registration_request.cc(291)] Registration response error message: DEPRECATED_ENDPOINT
10월 15, 2024 16:50:57.158 Created TensorFlow Lite XNNPACK delegate for CPU.
10월 15, 2024 16:50:57.248 [12040:9020:1015/165057.248:ERROR:registration_request.cc(291)] Registration response error message: DEPRECATED_ENDPOINT
10월 15, 2024 16:51:22.251 [12040:9020:1015/165122.251:ERROR:registration_request.cc(291)] Registration response error message: DEPRECATED_ENDPOINT
10월 15, 2024 16:52:12.280 [12040:9020:1015/165212.279:ERROR:registration_request.cc(291)] Registration response error message: DEPRECATED_ENDPOINT
10월 15, 2024 16:54:06.997 [12040:9020:1015/165406.996:ERROR:registration_request.cc(291)] Registration response error message: DEPRECATED_ENDPOINT
10월 15, 2024 16:56:51.367 [12040:9020:1015/165651.366:ERROR:registration_request.cc(291)] Registration response error message: DEPRECATED_ENDPOINT
10월 15, 2024 17:02:59.509 [12040:9020:1015/170259.508:ERROR:registration_request.cc(291)] Registration response error message: DEPRECATED_ENDPOINT
10월 15, 2024 17:16:54.543 [12040:12976:1015/171654.543:ERROR:interface_endpoint_client.cc(725)] Message 1 rejected by interface blink.mojom.WidgetHost
10월 15, 2024 17:16:54.543 [12040:12976:1015/171654.543:ERROR:interface_endpoint_client.cc(725)] Message 1 rejected by interface blink.mojom.WidgetHost
10월 15, 2024 17:51:53.553 Created TensorFlow Lite XNNPACK delegate for CPU.
10월 15, 2024 17:51:53.683 [16796:15892:1015/175153.683:ERROR:registration_request.cc(291)] Registration response error message: DEPRECATED_ENDPOINT
10월 15, 2024 17:52:16.435 [16796:15892:1015/175216.435:ERROR:registration_request.cc(291)] Registration response error message: DEPRECATED_ENDPOINT
10월 15, 2024 18:00:49.639 Created TensorFlow Lite XNNPACK delegate for CPU.
10월 15, 2024 18:00:49.786 [18400:16164:1015/180049.785:ERROR:registration_request.cc(291)] Registration response error message: DEPRECATED_ENDPOINT
10월 15, 2024 18:01:10.708 [18400:16164:1015/180110.707:ERROR:registration_request.cc(291)] Registration response error message: DEPRECATED_ENDPOINT
10월 15, 2024 18:01:58.811 [18400:16164:1015/180158.811:ERROR:registration_request.cc(291)] Registration response error message: DEPRECATED_ENDPOINT
10월 15, 2024 18:03:38.169 [18400:16164:1015/180338.169:ERROR:registration_request.cc(291)] Registration response error message: DEPRECATED_ENDPOINT
10월 15, 2024 18:04:30.558 Created TensorFlow Lite XNNPACK delegate for CPU.
10월 15, 2024 18:04:30.623 [3564:3728:1015/180430.623:ERROR:registration_request.cc(291)] Registration response error message: DEPRECATED_ENDPOINT
10월 15, 2024 18:04:53.937 [3564:3728:1015/180453.936:ERROR:registration_request.cc(291)] Registration response error message: DEPRECATED_ENDPOINT
10월 15, 2024 18:05:51.996 [3564:3728:1015/180551.995:ERROR:registration_request.cc(291)] Registration response error message: DEPRECATED_ENDPOINT
10월 15, 2024 18:07:36.509 [3564:3728:1015/180736.509:ERROR:registration_request.cc(291)] Registration response error message: DEPRECATED_ENDPOINT
10월 15, 2024 18:10:51.901 [3564:3728:1015/181051.900:ERROR:registration_request.cc(291)] Registration response error message: DEPRECATED_ENDPOINT
